\BOOKMARK [1][-]{section.1}{\334berblick [Lipp]}{}% 1
\BOOKMARK [2][-]{subsection.1.1}{Zielgruppen}{section.1}% 2
\BOOKMARK [2][-]{subsection.1.2}{Anwendungsbeispiele}{section.1}% 3
\BOOKMARK [2][-]{subsection.1.3}{Systemvoraussetzungen}{section.1}% 4
\BOOKMARK [2][-]{subsection.1.4}{Systemaufbau}{section.1}% 5
\BOOKMARK [3][-]{subsubsection.1.4.1}{Module}{subsection.1.4}% 6
\BOOKMARK [3][-]{subsubsection.1.4.2}{Software}{subsection.1.4}% 7
\BOOKMARK [1][-]{section.2}{Grundlagen [Pietryka]}{}% 8
\BOOKMARK [2][-]{subsection.2.1}{Network Byte Order}{section.2}% 9
\BOOKMARK [2][-]{subsection.2.2}{OSI-Schichtenmodell}{section.2}% 10
\BOOKMARK [2][-]{subsection.2.3}{Ethernet}{section.2}% 11
\BOOKMARK [3][-]{subsubsection.2.3.1}{MAC-Adresse}{subsection.2.3}% 12
\BOOKMARK [3][-]{subsubsection.2.3.2}{Broadcast}{subsection.2.3}% 13
\BOOKMARK [2][-]{subsection.2.4}{IP}{section.2}% 14
\BOOKMARK [3][-]{subsubsection.2.4.1}{ARP}{subsection.2.4}% 15
\BOOKMARK [2][-]{subsection.2.5}{TCP}{section.2}% 16
\BOOKMARK [2][-]{subsection.2.6}{UDP}{section.2}% 17
\BOOKMARK [2][-]{subsection.2.7}{DHCP}{section.2}% 18
\BOOKMARK [1][-]{section.3}{Hardware [Pietryka]}{}% 19
\BOOKMARK [2][-]{subsection.3.1}{Der Ethernet Controller}{section.3}% 20
\BOOKMARK [3][-]{subsubsection.3.1.1}{Auswahl des Ethernet Controllers}{subsection.3.1}% 21
\BOOKMARK [3][-]{subsubsection.3.1.2}{ENC28J60 Beschaltung}{subsection.3.1}% 22
\BOOKMARK [3][-]{subsubsection.3.1.3}{ENC28J60 Treibersoftware}{subsection.3.1}% 23
\BOOKMARK [3][-]{subsubsection.3.1.4}{Ethernet-DK Port}{subsection.3.1}% 24
\BOOKMARK [3][-]{subsubsection.3.1.5}{CP2200}{subsection.3.1}% 25
\BOOKMARK [2][-]{subsection.3.2}{Pollin AVR-NET-IO}{section.3}% 26
\BOOKMARK [2][-]{subsection.3.3}{Zufallsgenerator}{section.3}% 27
\BOOKMARK [2][-]{subsection.3.4}{Der uIP TCP/IP Stack}{section.3}% 28
\BOOKMARK [2][-]{subsection.3.5}{DHCP Implementierung}{section.3}% 29
\BOOKMARK [2][-]{subsection.3.6}{netcon Serial Protocol}{section.3}% 30
\BOOKMARK [2][-]{subsection.3.7}{nefind Protocol}{section.3}% 31
\BOOKMARK [2][-]{subsection.3.8}{netcon Protocol}{section.3}% 32
\BOOKMARK [2][-]{subsection.3.9}{Kompilieren der Quelldateien}{section.3}% 33
\BOOKMARK [3][-]{subsubsection.3.9.1}{Installation der AVR-Toolchain}{subsection.3.9}% 34
\BOOKMARK [3][-]{subsubsection.3.9.2}{Avrdude installieren}{subsection.3.9}% 35
\BOOKMARK [3][-]{subsubsection.3.9.3}{Installation von Cygwin}{subsection.3.9}% 36
\BOOKMARK [3][-]{subsubsection.3.9.4}{Kompilieren}{subsection.3.9}% 37
\BOOKMARK [2][-]{subsection.3.10}{Inbetriebnahme}{section.3}% 38
\BOOKMARK [1][-]{section.4}{Software [Lipp]}{}% 39
\BOOKMARK [2][-]{subsection.4.1}{Aufgaben}{section.4}% 40
\BOOKMARK [2][-]{subsection.4.2}{Java}{section.4}% 41
\BOOKMARK [2][-]{subsection.4.3}{Hardwareanforderungen}{section.4}% 42
\BOOKMARK [2][-]{subsection.4.4}{Funktionsweise}{section.4}% 43
\BOOKMARK [2][-]{subsection.4.5}{Aufbau}{section.4}% 44
\BOOKMARK [2][-]{subsection.4.6}{netcon API}{section.4}% 45
\BOOKMARK [2][-]{subsection.4.7}{Debugging}{section.4}% 46
\BOOKMARK [3][-]{subsubsection.4.7.1}{Ports}{subsection.4.7}% 47
\BOOKMARK [3][-]{subsubsection.4.7.2}{Programmausgaben}{subsection.4.7}% 48
\BOOKMARK [2][-]{subsection.4.8}{Website}{section.4}% 49
\BOOKMARK [2][-]{subsection.4.9}{Installation}{section.4}% 50
\BOOKMARK [3][-]{subsubsection.4.9.1}{JRE}{subsection.4.9}% 51
\BOOKMARK [3][-]{subsubsection.4.9.2}{Webserver}{subsection.4.9}% 52
\BOOKMARK [1][-]{section.5}{Literatur}{}% 53
