\BOOKMARK [1][-]{section.1}{\334berblick [Lipp]}{}% 1
\BOOKMARK [2][-]{subsection.1.1}{Zielgruppen}{section.1}% 2
\BOOKMARK [2][-]{subsection.1.2}{Anwendungsbeispiele}{section.1}% 3
\BOOKMARK [2][-]{subsection.1.3}{Systemvoraussetzungen}{section.1}% 4
\BOOKMARK [2][-]{subsection.1.4}{Systemaufbau}{section.1}% 5
\BOOKMARK [3][-]{subsubsection.1.4.1}{Module}{subsection.1.4}% 6
\BOOKMARK [3][-]{subsubsection.1.4.2}{Software}{subsection.1.4}% 7
\BOOKMARK [2][-]{subsection.1.5}{Funktionsweise}{section.1}% 8
\BOOKMARK [1][-]{section.2}{Grundlagen [Pietryka]}{}% 9
\BOOKMARK [2][-]{subsection.2.1}{OSI-Schichtenmodell}{section.2}% 10
\BOOKMARK [2][-]{subsection.2.2}{Ethernet}{section.2}% 11
\BOOKMARK [2][-]{subsection.2.3}{IP}{section.2}% 12
\BOOKMARK [3][-]{subsubsection.2.3.1}{ARP}{subsection.2.3}% 13
\BOOKMARK [1][-]{section.3}{Hardware [Pietryka]}{}% 14
\BOOKMARK [2][-]{subsection.3.1}{Auswahl des Ethernet Controllers}{section.3}% 15
\BOOKMARK [2][-]{subsection.3.2}{ENC28J60 Beschaltung}{section.3}% 16
\BOOKMARK [2][-]{subsection.3.3}{ENC28J60 Treibersoftware}{section.3}% 17
\BOOKMARK [1][-]{section.4}{Software [Lipp]}{}% 18
\BOOKMARK [2][-]{subsection.4.1}{Aufgaben}{section.4}% 19
\BOOKMARK [2][-]{subsection.4.2}{Java}{section.4}% 20
\BOOKMARK [2][-]{subsection.4.3}{Aufbau und Funktionsweise}{section.4}% 21
\BOOKMARK [2][-]{subsection.4.4}{Installation}{section.4}% 22
\BOOKMARK [3][-]{subsubsection.4.4.1}{JRE}{subsection.4.4}% 23
\BOOKMARK [3][-]{subsubsection.4.4.2}{Webserver}{subsection.4.4}% 24
